10:42:02 info  :Connection Provider Factory initializing...
10:42:02 info  :JDBC Connection Provider initializing...
10:42:02 info  :Database Connection Success.
10:42:06 info  :automatic remove one connection from database connection pool,overtime is 3610 ms.
10:42:20 info  :Connection Provider Factory initializing...
10:42:20 info  :JDBC Connection Provider initializing...
10:42:20 info  :com.emart.model.ProductInfo.java generate success.
10:42:20 info  :com.emart.dao.ProductInfoDao.java generate success.
10:42:20 info  :C:/Documents and Settings/Administrator/桌面/jxva-dao.properties generate success.
10:47:30 info  :Connection Provider Factory initializing...
10:47:30 info  :JDBC Connection Provider initializing...
10:47:30 info  :Database Connection Success.
10:47:34 info  :automatic remove one connection from database connection pool,overtime is 3610 ms.
10:47:40 info  :Connection Provider Factory initializing...
10:47:40 info  :JDBC Connection Provider initializing...
10:47:40 info  :com.emart.model.ProductMap.java generate success.
10:47:40 info  :com.emart.dao.ProductMapDao.java generate success.
10:47:40 info  :C:/Documents and Settings/Administrator/桌面/jxva-dao.properties generate success.
16:02:42 info  :Connection Provider Factory initializing...
16:02:42 info  :JDBC Connection Provider initializing...
16:02:42 info  :Database Connection Success.
16:02:46 info  :automatic remove one connection from database connection pool,overtime is 3625 ms.
16:02:55 info  :Connection Provider Factory initializing...
16:02:55 info  :JDBC Connection Provider initializing...
16:02:56 info  :com.emart.model.TypeSupplier.java generate success.
16:02:56 info  :com.emart.dao.TypeSupplierDao.java generate success.
16:02:56 info  :E:/eclipse/workspace/JxvaFramework/WebRoot/WEB-INF/jxva-dao.properties generate success.
16:02:59 info  :automatic remove one connection from database connection pool,overtime is 3625 ms.
16:02:59 info  :automatic remove one connection from database connection pool,overtime is 3610 ms.
16:03:01 info  :Connection Provider Factory initializing...
16:03:01 info  :JDBC Connection Provider initializing...
16:03:01 info  :Database Connection Success.
16:03:04 info  :Connection Provider Factory initializing...
16:03:04 info  :JDBC Connection Provider initializing...
16:03:04 info  :com.emart.model.TypeSupplier.java generate success.
16:03:04 info  :com.emart.dao.TypeSupplierDao.java generate success.
16:03:04 info  :C:/Documents and Settings/Administrator/桌面/jxva-dao.properties generate success.
16:03:04 info  :automatic remove one connection from database connection pool,overtime is 3609 ms.
16:03:04 info  :automatic remove one connection from database connection pool,overtime is 3609 ms.
